<component name="libraryTable">
  <library name="junit-4.9">
    <CLASSES>
      <root url="jar://$USER_HOME$/Desktop/libraries/junit-4.9.jar!/" />
    </CLASSES>
    <JAVADOC />
    <SOURCES />
  </library>
</component>